# JRE version: OpenJDK Runtime Environment Temurin-26.0.1+8 (26.0.1+8) (build 26.0.1+8)
# Java VM: OpenJDK 64-Bit Server VM Temurin-26.0.1+8 (26.0.1+8, mixed mode, sharing, tiered, compressed oops, compressed class ptrs, g1 gc, windows-amd64)
GC Precious Log:
 CardTable entry size: 512
 Card Set container configuration: InlinePtr #cards 4 size 8 Array Of Cards #cards 16 size 48 Howl #buckets 8 coarsen threshold 3686 Howl Bitmap #cards 512 size 80 coarsen threshold 460 Card regions per heap region 1 cards per card region 4096
 CPUs: 12 total, 12 available
 Memory: 16237M
 Large Page Support: Disabled
 NUMA Support: Disabled
 Compressed Oops: Enabled (Zero based)
 Heap Region Size: 2M
 Heap Min Capacity: 8M
 Heap Initial Capacity: 8M
 Heap Max Capacity: 4060M
 Pre-touch: Disabled
 Parallel Workers: 10
 Concurrent Workers: 3
 Concurrent Refinement Workers: 10
 Periodic GC: Disabled
Heap:
 garbage-first heap   total reserved 4157440K, committed 43008K, used 19400K [0x0000000702400000, 0x0000000800000000)
  region size 2M, 6 eden (12M), 2 survivor (4M), 3 old (6M), 0 humongous (0M), 10 free (20M)
GC Heap Usage History (20 events):
Event: 14.546 {heap Before GC invocations=12 (full 0):
 garbage-first heap   total reserved 4157440K, committed 12288K, used 6761K [0x0000000702400000, 0x0000000800000000)
  region size 2M, 2 eden (4M), 1 survivor (2M), 2 old (4M), 0 humongous (0M), 1 free (2M)
}
Event: 14.548 {heap After GC invocations=13 (full 0):
 garbage-first heap   total reserved 4157440K, committed 12288K, used 4931K [0x0000000702400000, 0x0000000800000000)
  region size 2M, 0 eden (0M), 1 survivor (2M), 2 old (4M), 0 humongous (0M), 3 free (6M)
}
Event: 14.751 {heap Before GC invocations=13 (full 0):
 garbage-first heap   total reserved 4157440K, committed 12288K, used 9027K [0x0000000702400000, 0x0000000800000000)
  region size 2M, 2 eden (4M), 1 survivor (2M), 2 old (4M), 0 humongous (0M), 1 free (2M)
}
Event: 14.752 {heap After GC invocations=14 (full 0):
 garbage-first heap   total reserved 4157440K, committed 12288K, used 5070K [0x0000000702400000, 0x0000000800000000)
  region size 2M, 0 eden (0M), 1 survivor (2M), 2 old (4M), 0 humongous (0M), 3 free (6M)
}
Event: 15.075 {heap Before GC invocations=14 (full 0):
 garbage-first heap   total reserved 4157440K, committed 12288K, used 9166K [0x0000000702400000, 0x0000000800000000)
  region size 2M, 2 eden (4M), 1 survivor (2M), 2 old (4M), 0 humongous (0M), 1 free (2M)
}
Event: 15.077 {heap After GC invocations=15 (full 0):
 garbage-first heap   total reserved 4157440K, committed 12288K, used 5390K [0x0000000702400000, 0x0000000800000000)
  region size 2M, 0 eden (0M), 1 survivor (2M), 2 old (4M), 0 humongous (0M), 3 free (6M)
}
Event: 15.315 {heap Before GC invocations=15 (full 0):
 garbage-first heap   total reserved 4157440K, committed 12288K, used 9486K [0x0000000702400000, 0x0000000800000000)
  region size 2M, 2 eden (4M), 1 survivor (2M), 2 old (4M), 0 humongous (0M), 1 free (2M)
}
Event: 17.036 {heap After GC invocations=16 (full 0):
 garbage-first heap   total reserved 4157440K, committed 14336K, used 5754K [0x0000000702400000, 0x0000000800000000)
  region size 2M, 0 eden (0M), 1 survivor (2M), 3 old (6M), 0 humongous (0M), 3 free (6M)
}
Event: 18.676 {heap Before GC invocations=16 (full 0):
 garbage-first heap   total reserved 4157440K, committed 14336K, used 7802K [0x0000000702400000, 0x0000000800000000)
  region size 2M, 1 eden (2M), 1 survivor (2M), 3 old (6M), 0 humongous (0M), 2 free (4M)
}
Event: 18.679 {heap After GC invocations=17 (full 0):
 garbage-first heap   total reserved 4157440K, committed 14336K, used 5963K [0x0000000702400000, 0x0000000800000000)
  region size 2M, 0 eden (0M), 1 survivor (2M), 3 old (6M), 0 humongous (0M), 3 free (6M)
}
Event: 18.785 {heap Before GC invocations=17 (full 0):
 garbage-first heap   total reserved 4157440K, committed 14336K, used 8011K [0x0000000702400000, 0x0000000800000000)
  region size 2M, 1 eden (2M), 1 survivor (2M), 3 old (6M), 0 humongous (0M), 2 free (4M)
}
Event: 18.787 {heap After GC invocations=18 (full 0):
 garbage-first heap   total reserved 4157440K, committed 14336K, used 6296K [0x0000000702400000, 0x0000000800000000)
  region size 2M, 0 eden (0M), 1 survivor (2M), 3 old (6M), 0 humongous (0M), 3 free (6M)
}
Event: 19.037 {heap Before GC invocations=18 (full 0):
 garbage-first heap   total reserved 4157440K, committed 14336K, used 8344K [0x0000000702400000, 0x0000000800000000)
  region size 2M, 1 eden (2M), 1 survivor (2M), 3 old (6M), 0 humongous (0M), 2 free (4M)
}
Event: 19.039 {heap After GC invocations=19 (full 0):
 garbage-first heap   total reserved 4157440K, committed 14336K, used 6493K [0x0000000702400000, 0x0000000800000000)
  region size 2M, 0 eden (0M), 1 survivor (2M), 3 old (6M), 0 humongous (0M), 3 free (6M)
}
Event: 19.103 {heap Before GC invocations=19 (full 0):
 garbage-first heap   total reserved 4157440K, committed 14336K, used 8541K [0x0000000702400000, 0x0000000800000000)
  region size 2M, 1 eden (2M), 1 survivor (2M), 3 old (6M), 0 humongous (0M), 2 free (4M)
}
Event: 19.105 {heap After GC invocations=20 (full 0):
 garbage-first heap   total reserved 4157440K, committed 14336K, used 6806K [0x0000000702400000, 0x0000000800000000)
  region size 2M, 0 eden (0M), 1 survivor (2M), 3 old (6M), 0 humongous (0M), 3 free (6M)
}
Event: 20.394 {heap Before GC invocations=20 (full 0):
 garbage-first heap   total reserved 4157440K, committed 14336K, used 8854K [0x0000000702400000, 0x0000000800000000)
  region size 2M, 1 eden (2M), 1 survivor (2M), 3 old (6M), 0 humongous (0M), 2 free (4M)
}
Event: 20.397 {heap After GC invocations=21 (full 0):
 garbage-first heap   total reserved 4157440K, committed 43008K, used 7050K [0x0000000702400000, 0x0000000800000000)
  region size 2M, 0 eden (0M), 1 survivor (2M), 3 old (6M), 0 humongous (0M), 17 free (34M)
}
Event: 26.158 {heap Before GC invocations=21 (full 0):
 garbage-first heap   total reserved 4157440K, committed 43008K, used 25482K [0x0000000702400000, 0x0000000800000000)
  region size 2M, 10 eden (20M), 1 survivor (2M), 3 old (6M), 0 humongous (0M), 7 free (14M)
}
Event: 26.165 {heap After GC invocations=22 (full 0):
 garbage-first heap   total reserved 4157440K, committed 43008K, used 9160K [0x0000000702400000, 0x0000000800000000)
  region size 2M, 0 eden (0M), 2 survivor (4M), 3 old (6M), 0 humongous (0M), 16 free (32M)
}

