# JRE version: OpenJDK Runtime Environment Temurin-26.0.1+8 (26.0.1+8) (build 26.0.1+8)
# Java VM: OpenJDK 64-Bit Server VM Temurin-26.0.1+8 (26.0.1+8, mixed mode, sharing, tiered, compressed oops, compressed class ptrs, g1 gc, windows-amd64)
GC Precious Log:
 CardTable entry size: 512
 Card Set container configuration: InlinePtr #cards 4 size 8 Array Of Cards #cards 16 size 48 Howl #buckets 8 coarsen threshold 3686 Howl Bitmap #cards 512 size 80 coarsen threshold 460 Card regions per heap region 1 cards per card region 4096
 CPUs: 12 total, 12 available
 Memory: 16237M
 Large Page Support: Disabled
 NUMA Support: Disabled
 Compressed Oops: Enabled (Zero based)
 Heap Region Size: 2M
 Heap Min Capacity: 8M
 Heap Initial Capacity: 8M
 Heap Max Capacity: 4060M
 Pre-touch: Disabled
 Parallel Workers: 10
 Concurrent Workers: 3
 Concurrent Refinement Workers: 10
 Periodic GC: Disabled
Heap:
 garbage-first heap   total reserved 4157440K, committed 49152K, used 16660K [0x0000000702400000, 0x0000000800000000)
  region size 2M, 4 eden (8M), 1 survivor (2M), 5 old (10M), 0 humongous (0M), 14 free (28M)
GC Heap Usage History (20 events):
Event: 16.210 {heap Before GC invocations=18 (full 0):
 garbage-first heap   total reserved 4157440K, committed 14336K, used 10593K [0x0000000702400000, 0x0000000800000000)
  region size 2M, 2 eden (4M), 1 survivor (2M), 3 old (6M), 0 humongous (0M), 1 free (2M)
}
Event: 16.213 {heap After GC invocations=19 (full 0):
 garbage-first heap   total reserved 4157440K, committed 14336K, used 7076K [0x0000000702400000, 0x0000000800000000)
  region size 2M, 0 eden (0M), 1 survivor (2M), 3 old (6M), 0 humongous (0M), 3 free (6M)
}
Event: 16.480 {heap Before GC invocations=19 (full 0):
 garbage-first heap   total reserved 4157440K, committed 14336K, used 11172K [0x0000000702400000, 0x0000000800000000)
  region size 2M, 2 eden (4M), 1 survivor (2M), 3 old (6M), 0 humongous (0M), 1 free (2M)
}
Event: 18.187 {heap After GC invocations=20 (full 0):
 garbage-first heap   total reserved 4157440K, committed 16384K, used 7472K [0x0000000702400000, 0x0000000800000000)
  region size 2M, 0 eden (0M), 1 survivor (2M), 4 old (8M), 0 humongous (0M), 3 free (6M)
}
Event: 19.608 {heap Before GC invocations=20 (full 0):
 garbage-first heap   total reserved 4157440K, committed 16384K, used 9520K [0x0000000702400000, 0x0000000800000000)
  region size 2M, 1 eden (2M), 1 survivor (2M), 4 old (8M), 0 humongous (0M), 2 free (4M)
}
Event: 19.610 {heap After GC invocations=21 (full 0):
 garbage-first heap   total reserved 4157440K, committed 49152K, used 7604K [0x0000000702400000, 0x0000000800000000)
  region size 2M, 0 eden (0M), 1 survivor (2M), 4 old (8M), 0 humongous (0M), 19 free (38M)
}
Event: 20.524 {heap Before GC invocations=21 (full 0):
 garbage-first heap   total reserved 4157440K, committed 49152K, used 9652K [0x0000000702400000, 0x0000000800000000)
  region size 2M, 1 eden (2M), 1 survivor (2M), 4 old (8M), 0 humongous (0M), 18 free (36M)
}
Event: 20.527 {heap After GC invocations=22 (full 0):
 garbage-first heap   total reserved 4157440K, committed 49152K, used 8158K [0x0000000702400000, 0x0000000800000000)
  region size 2M, 0 eden (0M), 1 survivor (2M), 4 old (8M), 0 humongous (0M), 19 free (38M)
}
Event: 21.411 {heap Before GC invocations=22 (full 0):
 garbage-first heap   total reserved 4157440K, committed 49152K, used 8158K [0x0000000702400000, 0x0000000800000000)
  region size 2M, 1 eden (2M), 1 survivor (2M), 4 old (8M), 0 humongous (0M), 18 free (36M)
}
Event: 21.414 {heap After GC invocations=23 (full 0):
 garbage-first heap   total reserved 4157440K, committed 49152K, used 8286K [0x0000000702400000, 0x0000000800000000)
  region size 2M, 0 eden (0M), 1 survivor (2M), 4 old (8M), 0 humongous (0M), 19 free (38M)
}
Event: 21.661 {heap Before GC invocations=23 (full 0):
 garbage-first heap   total reserved 4157440K, committed 49152K, used 10334K [0x0000000702400000, 0x0000000800000000)
  region size 2M, 1 eden (2M), 1 survivor (2M), 4 old (8M), 0 humongous (0M), 18 free (36M)
}
Event: 21.664 {heap After GC invocations=24 (full 0):
 garbage-first heap   total reserved 4157440K, committed 49152K, used 8308K [0x0000000702400000, 0x0000000800000000)
  region size 2M, 0 eden (0M), 1 survivor (2M), 4 old (8M), 0 humongous (0M), 19 free (38M)
}
Event: 23.855 {heap Before GC invocations=24 (full 0):
 garbage-first heap   total reserved 4157440K, committed 49152K, used 12404K [0x0000000702400000, 0x0000000800000000)
  region size 2M, 2 eden (4M), 1 survivor (2M), 4 old (8M), 0 humongous (0M), 17 free (34M)
}
Event: 23.858 {heap After GC invocations=25 (full 0):
 garbage-first heap   total reserved 4157440K, committed 49152K, used 8693K [0x0000000702400000, 0x0000000800000000)
  region size 2M, 0 eden (0M), 1 survivor (2M), 4 old (8M), 0 humongous (0M), 19 free (38M)
}
Event: 24.412 {heap Before GC invocations=25 (full 0):
 garbage-first heap   total reserved 4157440K, committed 49152K, used 12789K [0x0000000702400000, 0x0000000800000000)
  region size 2M, 2 eden (4M), 1 survivor (2M), 4 old (8M), 0 humongous (0M), 17 free (34M)
}
Event: 24.415 {heap After GC invocations=26 (full 0):
 garbage-first heap   total reserved 4157440K, committed 49152K, used 9097K [0x0000000702400000, 0x0000000800000000)
  region size 2M, 0 eden (0M), 1 survivor (2M), 4 old (8M), 0 humongous (0M), 19 free (38M)
}
Event: 25.762 {heap Before GC invocations=26 (full 0):
 garbage-first heap   total reserved 4157440K, committed 49152K, used 15241K [0x0000000702400000, 0x0000000800000000)
  region size 2M, 3 eden (6M), 1 survivor (2M), 4 old (8M), 0 humongous (0M), 16 free (32M)
}
Event: 25.766 {heap After GC invocations=27 (full 0):
 garbage-first heap   total reserved 4157440K, committed 49152K, used 9582K [0x0000000702400000, 0x0000000800000000)
  region size 2M, 0 eden (0M), 1 survivor (2M), 4 old (8M), 0 humongous (0M), 19 free (38M)
}
Event: 27.695 {heap Before GC invocations=27 (full 0):
 garbage-first heap   total reserved 4157440K, committed 49152K, used 17774K [0x0000000702400000, 0x0000000800000000)
  region size 2M, 4 eden (8M), 1 survivor (2M), 4 old (8M), 0 humongous (0M), 15 free (30M)
}
Event: 27.699 {heap After GC invocations=28 (full 0):
 garbage-first heap   total reserved 4157440K, committed 49152K, used 10516K [0x0000000702400000, 0x0000000800000000)
  region size 2M, 0 eden (0M), 1 survivor (2M), 5 old (10M), 0 humongous (0M), 18 free (36M)
}

