# JRE version: OpenJDK Runtime Environment Temurin-26.0.1+8 (26.0.1+8) (build 26.0.1+8)
# Java VM: OpenJDK 64-Bit Server VM Temurin-26.0.1+8 (26.0.1+8, mixed mode, sharing, tiered, compressed oops, compressed class ptrs, g1 gc, windows-amd64)
GC Precious Log:
 CardTable entry size: 512
 Card Set container configuration: InlinePtr #cards 4 size 8 Array Of Cards #cards 16 size 48 Howl #buckets 8 coarsen threshold 3686 Howl Bitmap #cards 512 size 80 coarsen threshold 460 Card regions per heap region 1 cards per card region 4096
 CPUs: 12 total, 12 available
 Memory: 16237M
 Large Page Support: Disabled
 NUMA Support: Disabled
 Compressed Oops: Enabled (Zero based)
 Heap Region Size: 2M
 Heap Min Capacity: 8M
 Heap Initial Capacity: 8M
 Heap Max Capacity: 4060M
 Pre-touch: Disabled
 Parallel Workers: 10
 Concurrent Workers: 3
 Concurrent Refinement Workers: 10
 Periodic GC: Disabled
Heap:
 garbage-first heap   total reserved 4157440K, committed 28672K, used 8246K [0x0000000702400000, 0x0000000800000000)
  region size 2M, 2 eden (4M), 1 survivor (2M), 4 old (8M), 0 humongous (0M), 7 free (14M)
GC Heap Usage History (20 events):
Event: 4.021 {heap Before GC invocations=20 (full 0):
 garbage-first heap   total reserved 4157440K, committed 12288K, used 7318K [0x0000000702400000, 0x0000000800000000)
  region size 2M, 1 eden (2M), 1 survivor (2M), 3 old (6M), 0 humongous (0M), 1 free (2M)
}
Event: 4.024 {heap After GC invocations=21 (full 0):
 garbage-first heap   total reserved 4157440K, committed 12288K, used 5417K [0x0000000702400000, 0x0000000800000000)
  region size 2M, 0 eden (0M), 1 survivor (2M), 3 old (6M), 0 humongous (0M), 2 free (4M)
}
Event: 4.344 {heap Before GC invocations=21 (full 0):
 garbage-first heap   total reserved 4157440K, committed 12288K, used 5417K [0x0000000702400000, 0x0000000800000000)
  region size 2M, 1 eden (2M), 1 survivor (2M), 3 old (6M), 0 humongous (0M), 1 free (2M)
}
Event: 4.346 {heap After GC invocations=22 (full 0):
 garbage-first heap   total reserved 4157440K, committed 12288K, used 5684K [0x0000000702400000, 0x0000000800000000)
  region size 2M, 0 eden (0M), 1 survivor (2M), 3 old (6M), 0 humongous (0M), 2 free (4M)
}
Event: 4.489 {heap Before GC invocations=22 (full 0):
 garbage-first heap   total reserved 4157440K, committed 12288K, used 7732K [0x0000000702400000, 0x0000000800000000)
  region size 2M, 1 eden (2M), 1 survivor (2M), 3 old (6M), 0 humongous (0M), 1 free (2M)
}
Event: 4.491 {heap After GC invocations=23 (full 0):
 garbage-first heap   total reserved 4157440K, committed 12288K, used 6011K [0x0000000702400000, 0x0000000800000000)
  region size 2M, 0 eden (0M), 1 survivor (2M), 3 old (6M), 0 humongous (0M), 2 free (4M)
}
Event: 4.729 {heap Before GC invocations=23 (full 0):
 garbage-first heap   total reserved 4157440K, committed 12288K, used 8059K [0x0000000702400000, 0x0000000800000000)
  region size 2M, 1 eden (2M), 1 survivor (2M), 3 old (6M), 0 humongous (0M), 1 free (2M)
}
Event: 4.731 {heap After GC invocations=24 (full 0):
 garbage-first heap   total reserved 4157440K, committed 12288K, used 6231K [0x0000000702400000, 0x0000000800000000)
  region size 2M, 0 eden (0M), 1 survivor (2M), 3 old (6M), 0 humongous (0M), 2 free (4M)
}
Event: 5.077 {heap Before GC invocations=24 (full 0):
 garbage-first heap   total reserved 4157440K, committed 12288K, used 6231K [0x0000000702400000, 0x0000000800000000)
  region size 2M, 1 eden (2M), 1 survivor (2M), 3 old (6M), 0 humongous (0M), 1 free (2M)
}
Event: 5.079 {heap After GC invocations=25 (full 0):
 garbage-first heap   total reserved 4157440K, committed 12288K, used 6546K [0x0000000702400000, 0x0000000800000000)
  region size 2M, 0 eden (0M), 1 survivor (2M), 3 old (6M), 0 humongous (0M), 2 free (4M)
}
Event: 5.340 {heap Before GC invocations=25 (full 0):
 garbage-first heap   total reserved 4157440K, committed 12288K, used 8594K [0x0000000702400000, 0x0000000800000000)
  region size 2M, 1 eden (2M), 1 survivor (2M), 3 old (6M), 0 humongous (0M), 1 free (2M)
}
Event: 5.344 {heap After GC invocations=26 (full 0):
 garbage-first heap   total reserved 4157440K, committed 14336K, used 6641K [0x0000000702400000, 0x0000000800000000)
  region size 2M, 0 eden (0M), 1 survivor (2M), 4 old (8M), 0 humongous (0M), 2 free (4M)
}
Event: 5.520 {heap Before GC invocations=27 (full 0):
 garbage-first heap   total reserved 4157440K, committed 14336K, used 8689K [0x0000000702400000, 0x0000000800000000)
  region size 2M, 1 eden (2M), 1 survivor (2M), 4 old (8M), 0 humongous (0M), 1 free (2M)
}
Event: 5.523 {heap After GC invocations=28 (full 0):
 garbage-first heap   total reserved 4157440K, committed 14336K, used 7043K [0x0000000702400000, 0x0000000800000000)
  region size 2M, 0 eden (0M), 1 survivor (2M), 4 old (8M), 0 humongous (0M), 2 free (4M)
}
Event: 5.571 {heap Before GC invocations=28 (full 0):
 garbage-first heap   total reserved 4157440K, committed 14336K, used 9091K [0x0000000702400000, 0x0000000800000000)
  region size 2M, 1 eden (2M), 1 survivor (2M), 4 old (8M), 0 humongous (0M), 1 free (2M)
}
Event: 5.576 {heap After GC invocations=29 (full 0):
 garbage-first heap   total reserved 4157440K, committed 14336K, used 7095K [0x0000000702400000, 0x0000000800000000)
  region size 2M, 0 eden (0M), 1 survivor (2M), 3 old (6M), 0 humongous (0M), 3 free (6M)
}
Event: 5.972 {heap Before GC invocations=29 (full 0):
 garbage-first heap   total reserved 4157440K, committed 14336K, used 9143K [0x0000000702400000, 0x0000000800000000)
  region size 2M, 2 eden (4M), 1 survivor (2M), 3 old (6M), 0 humongous (0M), 1 free (2M)
}
Event: 5.974 {heap After GC invocations=30 (full 0):
 garbage-first heap   total reserved 4157440K, committed 14336K, used 7522K [0x0000000702400000, 0x0000000800000000)
  region size 2M, 0 eden (0M), 1 survivor (2M), 3 old (6M), 0 humongous (0M), 3 free (6M)
}
Event: 6.554 {heap Before GC invocations=30 (full 0):
 garbage-first heap   total reserved 4157440K, committed 14336K, used 11618K [0x0000000702400000, 0x0000000800000000)
  region size 2M, 2 eden (4M), 1 survivor (2M), 3 old (6M), 0 humongous (0M), 1 free (2M)
}
Event: 6.577 {heap After GC invocations=31 (full 0):
 garbage-first heap   total reserved 4157440K, committed 28672K, used 8246K [0x0000000702400000, 0x0000000800000000)
  region size 2M, 0 eden (0M), 1 survivor (2M), 4 old (8M), 0 humongous (0M), 9 free (18M)
}

