# JRE version: OpenJDK Runtime Environment Temurin-26.0.1+8 (26.0.1+8) (build 26.0.1+8)
# Java VM: OpenJDK 64-Bit Server VM Temurin-26.0.1+8 (26.0.1+8, mixed mode, sharing, tiered, compressed oops, compressed class ptrs, g1 gc, windows-amd64)
GC Precious Log:
 CardTable entry size: 512
 Card Set container configuration: InlinePtr #cards 4 size 8 Array Of Cards #cards 16 size 48 Howl #buckets 8 coarsen threshold 3686 Howl Bitmap #cards 512 size 80 coarsen threshold 460 Card regions per heap region 1 cards per card region 4096
 CPUs: 12 total, 12 available
 Memory: 16237M
 Large Page Support: Disabled
 NUMA Support: Disabled
 Compressed Oops: Enabled (Zero based)
 Heap Region Size: 2M
 Heap Min Capacity: 8M
 Heap Initial Capacity: 8M
 Heap Max Capacity: 4060M
 Pre-touch: Disabled
 Parallel Workers: 10
 Concurrent Workers: 3
 Concurrent Refinement Workers: 10
 Periodic GC: Disabled
Heap:
 garbage-first heap   total reserved 4157440K, committed 22528K, used 12538K [0x0000000702400000, 0x0000000800000000)
  region size 2M, 3 eden (6M), 1 survivor (2M), 6 old (12M), 0 humongous (0M), 1 free (2M)
GC Heap Usage History (20 events):
Event: 1.438 {heap Before GC invocations=4 (full 0):
 garbage-first heap   total reserved 4157440K, committed 22528K, used 12280K [0x0000000702400000, 0x0000000800000000)
  region size 2M, 4 eden (8M), 1 survivor (2M), 2 old (4M), 0 humongous (0M), 4 free (8M)
}
Event: 1.441 {heap After GC invocations=5 (full 0):
 garbage-first heap   total reserved 4157440K, committed 22528K, used 4415K [0x0000000702400000, 0x0000000800000000)
  region size 2M, 0 eden (0M), 1 survivor (2M), 3 old (6M), 0 humongous (0M), 7 free (14M)
}
Event: 1.714 {heap Before GC invocations=5 (full 0):
 garbage-first heap   total reserved 4157440K, committed 22528K, used 10559K [0x0000000702400000, 0x0000000800000000)
  region size 2M, 4 eden (8M), 1 survivor (2M), 3 old (6M), 0 humongous (0M), 3 free (6M)
}
Event: 1.717 {heap After GC invocations=6 (full 0):
 garbage-first heap   total reserved 4157440K, committed 22528K, used 4807K [0x0000000702400000, 0x0000000800000000)
  region size 2M, 0 eden (0M), 1 survivor (2M), 3 old (6M), 0 humongous (0M), 7 free (14M)
}
Event: 2.170 {heap Before GC invocations=6 (full 0):
 garbage-first heap   total reserved 4157440K, committed 22528K, used 12999K [0x0000000702400000, 0x0000000800000000)
  region size 2M, 4 eden (8M), 1 survivor (2M), 3 old (6M), 0 humongous (0M), 3 free (6M)
}
Event: 2.173 {heap After GC invocations=7 (full 0):
 garbage-first heap   total reserved 4157440K, committed 22528K, used 5257K [0x0000000702400000, 0x0000000800000000)
  region size 2M, 0 eden (0M), 1 survivor (2M), 3 old (6M), 0 humongous (0M), 7 free (14M)
}
Event: 2.969 {heap Before GC invocations=7 (full 0):
 garbage-first heap   total reserved 4157440K, committed 22528K, used 15497K [0x0000000702400000, 0x0000000800000000)
  region size 2M, 5 eden (10M), 1 survivor (2M), 3 old (6M), 0 humongous (0M), 2 free (4M)
}
Event: 2.972 {heap After GC invocations=8 (full 0):
 garbage-first heap   total reserved 4157440K, committed 22528K, used 6362K [0x0000000702400000, 0x0000000800000000)
  region size 2M, 0 eden (0M), 1 survivor (2M), 3 old (6M), 0 humongous (0M), 7 free (14M)
}
Event: 3.563 {heap Before GC invocations=8 (full 0):
 garbage-first heap   total reserved 4157440K, committed 22528K, used 16602K [0x0000000702400000, 0x0000000800000000)
  region size 2M, 5 eden (10M), 1 survivor (2M), 3 old (6M), 0 humongous (0M), 2 free (4M)
}
Event: 3.567 {heap After GC invocations=9 (full 0):
 garbage-first heap   total reserved 4157440K, committed 22528K, used 7441K [0x0000000702400000, 0x0000000800000000)
  region size 2M, 0 eden (0M), 1 survivor (2M), 4 old (8M), 0 humongous (0M), 6 free (12M)
}
Event: 4.200 {heap Before GC invocations=9 (full 0):
 garbage-first heap   total reserved 4157440K, committed 22528K, used 15633K [0x0000000702400000, 0x0000000800000000)
  region size 2M, 4 eden (8M), 1 survivor (2M), 4 old (8M), 0 humongous (0M), 2 free (4M)
}
Event: 4.204 {heap After GC invocations=10 (full 0):
 garbage-first heap   total reserved 4157440K, committed 22528K, used 8432K [0x0000000702400000, 0x0000000800000000)
  region size 2M, 0 eden (0M), 1 survivor (2M), 5 old (10M), 0 humongous (0M), 5 free (10M)
}
Event: 20.873 {heap Before GC invocations=10 (full 0):
 garbage-first heap   total reserved 4157440K, committed 22528K, used 14576K [0x0000000702400000, 0x0000000800000000)
  region size 2M, 3 eden (6M), 1 survivor (2M), 5 old (10M), 0 humongous (0M), 2 free (4M)
}
Event: 20.876 {heap After GC invocations=11 (full 0):
 garbage-first heap   total reserved 4157440K, committed 22528K, used 8816K [0x0000000702400000, 0x0000000800000000)
  region size 2M, 0 eden (0M), 1 survivor (2M), 5 old (10M), 0 humongous (0M), 5 free (10M)
}
Event: 22.367 {heap Before GC invocations=11 (full 0):
 garbage-first heap   total reserved 4157440K, committed 22528K, used 14960K [0x0000000702400000, 0x0000000800000000)
  region size 2M, 3 eden (6M), 1 survivor (2M), 5 old (10M), 0 humongous (0M), 2 free (4M)
}
Event: 22.370 {heap After GC invocations=12 (full 0):
 garbage-first heap   total reserved 4157440K, committed 22528K, used 9608K [0x0000000702400000, 0x0000000800000000)
  region size 2M, 0 eden (0M), 1 survivor (2M), 5 old (10M), 0 humongous (0M), 5 free (10M)
}
Event: 23.344 {heap Before GC invocations=12 (full 0):
 garbage-first heap   total reserved 4157440K, committed 22528K, used 15752K [0x0000000702400000, 0x0000000800000000)
  region size 2M, 3 eden (6M), 1 survivor (2M), 5 old (10M), 0 humongous (0M), 2 free (4M)
}
Event: 23.347 {heap After GC invocations=13 (full 0):
 garbage-first heap   total reserved 4157440K, committed 22528K, used 10126K [0x0000000702400000, 0x0000000800000000)
  region size 2M, 0 eden (0M), 1 survivor (2M), 5 old (10M), 0 humongous (0M), 5 free (10M)
}
Event: 24.060 {heap Before GC invocations=13 (full 0):
 garbage-first heap   total reserved 4157440K, committed 22528K, used 16270K [0x0000000702400000, 0x0000000800000000)
  region size 2M, 3 eden (6M), 1 survivor (2M), 5 old (10M), 0 humongous (0M), 2 free (4M)
}
Event: 24.062 {heap After GC invocations=14 (full 0):
 garbage-first heap   total reserved 4157440K, committed 22528K, used 10490K [0x0000000702400000, 0x0000000800000000)
  region size 2M, 0 eden (0M), 1 survivor (2M), 6 old (12M), 0 humongous (0M), 4 free (8M)
}

